#
# A fatal error has been detected by the Java Runtime Environment:
#
#  EXCEPTION_ACCESS_VIOLATION (0xc0000005) at pc=0x000000005688e078, pid=13300, tid=13624
#
# JRE version: Java(TM) SE Runtime Environment (8.0_60-b27) (build 1.8.0_60-b27)
# Java VM: Java HotSpot(TM) 64-Bit Server VM (25.60-b23 mixed mode windows-amd64 compressed oops)
# Problematic frame:
# C  [jfxwebkit.dll+0x7ae078]
#
# Failed to write core dump. Minidumps are not enabled by default on client versions of Windows
#
# If you would like to submit a bug report, please visit:
#   http://bugreport.java.com/bugreport/crash.jsp
# The crash happened outside the Java Virtual Machine in native code.
# See problematic frame for where to report the bug.
#

---------------  T H R E A D  ---------------

Current thread (0x0000000018d57000):  JavaThread "JavaFX Application Thread" [_thread_in_native, id=13624, stack(0x0000000019a40000,0x0000000019b40000)]

siginfo: ExceptionCode=0xc0000005, reading address 0x0000000000000068

Registers:
RAX=0x0000000000000000, RBX=0x00000000301857f0, RCX=0x000000005688e069, RDX=0x0000000019b3d430
RSP=0x0000000019b3d270, RBP=0x0000000000000001, RSI=0x0000000000000000, RDI=0x0000000019b3d430
R8 =0x0000000000000000, R9 =0x000000002e4d1e98, R10=0x0000000000000000, R11=0x0000000057266b92
R12=0x0000000019b3d560, R13=0x00000000276f4c70, R14=0x000000002e4d1e98, R15=0x00000000560e0000
RIP=0x000000005688e078, EFLAGS=0x0000000000010246

Top of Stack: (sp=0x0000000019b3d270)
0x0000000019b3d270:   0000000019b3d430 0000000019b3d4b0
0x0000000019b3d280:   0000000019b3d560 000000005699b168
0x0000000019b3d290:   fffffffffffffffe 0000000057266b80
0x0000000019b3d2a0:   00000000301b18b0 000000002e4d1b60
0x0000000019b3d2b0:   00000000301857f0 00000000568bed2b
0x0000000019b3d2c0:   0000000000000002 000000002e4d1b60
0x0000000019b3d2d0:   0000000019b3d430 0000000000000001
0x0000000019b3d2e0:   000000002e2c7600 0000000056c5545c
0x0000000019b3d2f0:   fffffffffffffffe 00000000301b18b0
0x0000000019b3d300:   000000052e4d1b63 0000000800000008
0x0000000019b3d310:   0000001a00000008 000000240000001a
0x0000000019b3d320:   000000d700000024 00000000000000d7
0x0000000019b3d330:   0000000018d57000 0000000019b3d558
0x0000000019b3d340:   0000000000000000 0000000019b3d560
0x0000000019b3d350:   0000000019b3d430 00000000568ba0f1
0x0000000019b3d360:   000000002e4d1b60 000000002e4d1b60 

Instructions: (pc=0x000000005688e078)
0x000000005688e058:   8b d7 48 8b 48 68 e8 8d cd 04 00 84 c0 75 40 eb
0x000000005688e068:   50 40 84 f6 75 39 48 8b 43 38 45 33 c0 48 8b d7
0x000000005688e078:   48 8b 48 68 e8 6f bf 04 00 84 c0 75 22 eb 32 40
0x000000005688e088:   84 f6 75 1b 48 8b 43 38 45 33 c0 48 8b d7 48 8b 


Register to memory mapping:

RAX=0x0000000000000000 is an unknown value
RBX=0x00000000301857f0 is an unknown value
RCX=0x000000005688e069 is an unknown value
RDX=0x0000000019b3d430 is pointing into the stack for thread: 0x0000000018d57000
RSP=0x0000000019b3d270 is pointing into the stack for thread: 0x0000000018d57000
RBP=0x0000000000000001 is an unknown value
RSI=0x0000000000000000 is an unknown value
RDI=0x0000000019b3d430 is pointing into the stack for thread: 0x0000000018d57000
R8 =0x0000000000000000 is an unknown value
R9 =0x000000002e4d1e98 is an unknown value
R10=0x0000000000000000 is an unknown value
R11=0x0000000057266b92 is an unknown value
R12=0x0000000019b3d560 is pointing into the stack for thread: 0x0000000018d57000
R13={method} {0x00000000276f4c78} 'twkWillSendRequest' '(Ljava/lang/String;Ljava/lang/String;ILjava/lang/String;Ljava/lang/String;JLjava/lang/String;Ljava/lang/String;J)Z' in 'com/sun/webkit/network/URLLoader'
R14=0x000000002e4d1e98 is an unknown value
R15=0x00000000560e0000 is an unknown value


Stack: [0x0000000019a40000,0x0000000019b40000],  sp=0x0000000019b3d270,  free space=1012k
Native frames: (J=compiled Java code, j=interpreted, Vv=VM code, C=native code)
C  [jfxwebkit.dll+0x7ae078]
C  [jfxwebkit.dll+0x7ded2b]
C  [jfxwebkit.dll+0x7da0f1]
C  [jfxwebkit.dll+0x8c04d7]
C  [jfxwebkit.dll+0x8c0a1b]
C  0x00000000025d5e34

Java frames: (J=compiled Java code, j=interpreted, Vv=VM code)
j  com.sun.webkit.network.URLLoader.twkWillSendRequest(Ljava/lang/String;Ljava/lang/String;ILjava/lang/String;Ljava/lang/String;JLjava/lang/String;Ljava/lang/String;J)Z+0
j  com.sun.webkit.network.URLLoader.notifyWillSendRequest(Ljava/lang/String;Ljava/lang/String;ILjava/lang/String;Ljava/lang/String;JLjava/lang/String;Ljava/lang/String;)Z+107
j  com.sun.webkit.network.URLLoader.lambda$willSendRequest$93(Ljava/lang/String;Ljava/lang/String;ILjava/lang/String;Ljava/lang/String;JLjava/lang/String;Ljava/lang/String;Ljava/util/concurrent/CountDownLatch;)V+21
j  com.sun.webkit.network.URLLoader$$Lambda$338.run()V+40
J 4152 C1 com.sun.javafx.application.PlatformImpl$$Lambda$50.run()Ljava/lang/Object; (8 bytes) @ 0x000000000307fcac [0x000000000307fc40+0x6c]
v  ~StubRoutines::call_stub
J 1719  java.security.AccessController.doPrivileged(Ljava/security/PrivilegedAction;Ljava/security/AccessControlContext;)Ljava/lang/Object; (0 bytes) @ 0x0000000002ae6526 [0x0000000002ae64c0+0x66]
J 4149 C1 com.sun.javafx.application.PlatformImpl.lambda$runLater$175(Ljava/lang/Runnable;Ljava/security/AccessControlContext;)V (38 bytes) @ 0x000000000307ebc4 [0x000000000307eb20+0xa4]
J 4148 C1 com.sun.javafx.application.PlatformImpl$$Lambda$49.run()V (12 bytes) @ 0x000000000307e7ec [0x000000000307e780+0x6c]
J 2293 C1 com.sun.glass.ui.InvokeLaterDispatcher$Future.run()V (91 bytes) @ 0x0000000002c6e18c [0x0000000002c6e080+0x10c]
v  ~StubRoutines::call_stub
j  com.sun.glass.ui.win.WinApplication._runLoop(Ljava/lang/Runnable;)V+0
j  com.sun.glass.ui.win.WinApplication.lambda$null$149(ILjava/lang/Runnable;)V+8
j  com.sun.glass.ui.win.WinApplication$$Lambda$38.run()V+12
j  java.lang.Thread.run()V+11
v  ~StubRoutines::call_stub

---------------  P R O C E S S  ---------------

Java Threads: ( => current thread )
  0x0000000019703800 JavaThread "URL-Loader-25" daemon [_thread_blocked, id=12308, stack(0x0000000035870000,0x0000000035970000)]
  0x0000000019702000 JavaThread "URL-Loader-24" daemon [_thread_in_native, id=10248, stack(0x0000000035470000,0x0000000035570000)]
  0x0000000019703000 JavaThread "URL-Loader-23" daemon [_thread_blocked, id=12968, stack(0x0000000035370000,0x0000000035470000)]
  0x0000000019707800 JavaThread "URL-Loader-22" daemon [_thread_blocked, id=11488, stack(0x0000000035270000,0x0000000035370000)]
  0x0000000019705000 JavaThread "URL-Loader-21" daemon [_thread_blocked, id=12496, stack(0x0000000034f70000,0x0000000035070000)]
  0x000000001970b000 JavaThread "Keep-Alive-Timer" daemon [_thread_blocked, id=13288, stack(0x0000000034160000,0x0000000034260000)]
  0x0000000018ce8800 JavaThread "Watchdog-Timer-1" daemon [_thread_blocked, id=6456, stack(0x000000002ac80000,0x000000002ad80000)]
  0x000000002635f000 JavaThread "Disposer" daemon [_thread_blocked, id=12532, stack(0x00000000278d0000,0x00000000279d0000)]
  0x00000000191ff000 JavaThread "Prism Font Disposer" daemon [_thread_blocked, id=12432, stack(0x000000001ee00000,0x000000001ef00000)]
  0x0000000018f94800 JavaThread "Thread-3" daemon [_thread_in_native, id=4348, stack(0x000000001b730000,0x000000001b830000)]
  0x0000000018f9f800 JavaThread "JavaFX-Launcher" [_thread_blocked, id=10584, stack(0x000000001b830000,0x000000001b930000)]
=>0x0000000018d57000 JavaThread "JavaFX Application Thread" [_thread_in_native, id=13624, stack(0x0000000019a40000,0x0000000019b40000)]
  0x0000000018d56000 JavaThread "Thread-1" daemon [_thread_blocked, id=14268, stack(0x0000000019930000,0x0000000019a30000)]
  0x0000000018d44000 JavaThread "QuantumRenderer-0" daemon [_thread_blocked, id=10292, stack(0x0000000019770000,0x0000000019870000)]
  0x000000001714d800 JavaThread "Service Thread" daemon [_thread_blocked, id=12680, stack(0x0000000018d70000,0x0000000018e70000)]
  0x00000000170f3800 JavaThread "C1 CompilerThread2" daemon [_thread_blocked, id=14148, stack(0x0000000018870000,0x0000000018970000)]
  0x00000000170ef800 JavaThread "C2 CompilerThread1" daemon [_thread_blocked, id=2760, stack(0x0000000018770000,0x0000000018870000)]
  0x00000000170ed000 JavaThread "C2 CompilerThread0" daemon [_thread_blocked, id=9516, stack(0x0000000018670000,0x0000000018770000)]
  0x00000000170eb800 JavaThread "Attach Listener" daemon [_thread_blocked, id=8868, stack(0x0000000018570000,0x0000000018670000)]
  0x00000000170ea800 JavaThread "Signal Dispatcher" daemon [_thread_blocked, id=14428, stack(0x0000000018470000,0x0000000018570000)]
  0x00000000025b7000 JavaThread "Finalizer" daemon [_thread_blocked, id=11928, stack(0x0000000018370000,0x0000000018470000)]
  0x00000000025ae000 JavaThread "Reference Handler" daemon [_thread_blocked, id=13112, stack(0x0000000018270000,0x0000000018370000)]
  0x00000000024c0800 JavaThread "main" [_thread_blocked, id=4980, stack(0x00000000023c0000,0x00000000024c0000)]

Other Threads:
  0x00000000170b8800 VMThread [stack: 0x0000000018170000,0x0000000018270000] [id=9696]
  0x00000000189bd800 WatcherThread [stack: 0x0000000018e70000,0x0000000018f70000] [id=10596]

VM state:not at safepoint (normal execution)

VM Mutex/Monitor currently owned by a thread: None

Heap:
 PSYoungGen      total 144896K, used 108742K [0x00000000d5f00000, 0x00000000dfc00000, 0x0000000100000000)
  eden space 129536K, 83% used [0x00000000d5f00000,0x00000000dc8df378,0x00000000ddd80000)
  from space 15360K, 2% used [0x00000000dec80000,0x00000000decd2600,0x00000000dfb80000)
  to   space 15360K, 0% used [0x00000000ddd80000,0x00000000ddd80000,0x00000000dec80000)
 ParOldGen       total 62464K, used 19485K [0x0000000081c00000, 0x0000000085900000, 0x00000000d5f00000)
  object space 62464K, 31% used [0x0000000081c00000,0x0000000082f076e0,0x0000000085900000)
 Metaspace       used 25196K, capacity 26462K, committed 26752K, reserved 1073152K
  class space    used 3411K, capacity 3685K, committed 3712K, reserved 1048576K

Card table byte_map: [0x0000000011980000,0x0000000011d80000] byte_map_base: 0x0000000011572000

Marking Bits: (ParMarkBitMap*) 0x00000000594ca5b0
 Begin Bits: [0x0000000012430000, 0x00000000143c0000)
 End Bits:   [0x00000000143c0000, 0x0000000016350000)

Polling page: 0x0000000000520000

CodeCache: size=245760Kb used=12505Kb max_used=12638Kb free=233254Kb
 bounds [0x00000000025c0000, 0x0000000003230000, 0x00000000115c0000]
 total_blobs=4813 nmethods=4022 adapters=702
 compilation: enabled

Compilation events (10 events):
Event: 48.502 Thread 0x00000000170f3800 4742       3       sun.security.ssl.CipherBox::isAEADMode (16 bytes)
Event: 48.503 Thread 0x00000000170f3800 nmethod 4742 0x00000000031da810 code [0x00000000031da960, 0x00000000031dab30]
Event: 48.634 Thread 0x00000000170f3800 4743       3       com.sun.crypto.provider.CipherCore::getOutputSizeByOperation (163 bytes)
Event: 48.636 Thread 0x00000000170f3800 nmethod 4743 0x00000000031de590 code [0x00000000031de740, 0x00000000031dee28]
Event: 48.637 Thread 0x00000000170f3800 4744       3       java.util.Calendar::internalGet (7 bytes)
Event: 48.637 Thread 0x00000000170f3800 nmethod 4744 0x00000000031da450 code [0x00000000031da5a0, 0x00000000031da710]
Event: 48.638 Thread 0x00000000170f3800 4745       3       java.util.Calendar::isExternallySet (16 bytes)
Event: 48.638 Thread 0x00000000170f3800 nmethod 4745 0x00000000031de150 code [0x00000000031de2c0, 0x00000000031de490]
Event: 48.639 Thread 0x00000000170f3800 4746       3       java.net.URLStreamHandler::parseURL (1158 bytes)
Event: 48.664 Thread 0x00000000170f3800 nmethod 4746 0x00000000032194d0 code [0x000000000321a000, 0x0000000003223b58]

GC Heap History (10 events):
Event: 24.012 GC heap before
{Heap before GC invocations=5 (full 1):
 PSYoungGen      total 38400K, used 33265K [0x00000000d5f00000, 0x00000000d8980000, 0x0000000100000000)
  eden space 33280K, 99% used [0x00000000d5f00000,0x00000000d7f7c560,0x00000000d7f80000)
  from space 5120K, 0% used [0x00000000d7f80000,0x00000000d7f80000,0x00000000d8480000)
  to   space 5120K, 0% used [0x00000000d8480000,0x00000000d8480000,0x00000000d8980000)
 ParOldGen       total 62464K, used 16337K [0x0000000081c00000, 0x0000000085900000, 0x00000000d5f00000)
  object space 62464K, 26% used [0x0000000081c00000,0x0000000082bf4560,0x0000000085900000)
 Metaspace       used 24437K, capacity 25720K, committed 25984K, reserved 1071104K
  class space    used 3354K, capacity 3612K, committed 3712K, reserved 1048576K
Event: 24.019 GC heap after
Heap after GC invocations=5 (full 1):
 PSYoungGen      total 38400K, used 4722K [0x00000000d5f00000, 0x00000000d8980000, 0x0000000100000000)
  eden space 33280K, 0% used [0x00000000d5f00000,0x00000000d5f00000,0x00000000d7f80000)
  from space 5120K, 92% used [0x00000000d8480000,0x00000000d891c9f0,0x00000000d8980000)
  to   space 5120K, 0% used [0x00000000d7f80000,0x00000000d7f80000,0x00000000d8480000)
 ParOldGen       total 62464K, used 16345K [0x0000000081c00000, 0x0000000085900000, 0x00000000d5f00000)
  object space 62464K, 26% used [0x0000000081c00000,0x0000000082bf6560,0x0000000085900000)
 Metaspace       used 24437K, capacity 25720K, committed 25984K, reserved 1071104K
  class space    used 3354K, capacity 3612K, committed 3712K, reserved 1048576K
}
Event: 24.035 GC heap before
{Heap before GC invocations=6 (full 1):
 PSYoungGen      total 38400K, used 37949K [0x00000000d5f00000, 0x00000000d8980000, 0x0000000100000000)
  eden space 33280K, 99% used [0x00000000d5f00000,0x00000000d7f72b38,0x00000000d7f80000)
  from space 5120K, 92% used [0x00000000d8480000,0x00000000d891c9f0,0x00000000d8980000)
  to   space 5120K, 0% used [0x00000000d7f80000,0x00000000d7f80000,0x00000000d8480000)
 ParOldGen       total 62464K, used 16345K [0x0000000081c00000, 0x0000000085900000, 0x00000000d5f00000)
  object space 62464K, 26% used [0x0000000081c00000,0x0000000082bf6560,0x0000000085900000)
 Metaspace       used 24439K, capacity 25720K, committed 25984K, reserved 1071104K
  class space    used 3354K, capacity 3612K, committed 3712K, reserved 1048576K
Event: 24.039 GC heap after
Heap after GC invocations=6 (full 1):
 PSYoungGen      total 38400K, used 3419K [0x00000000d5f00000, 0x00000000dbe80000, 0x0000000100000000)
  eden space 33280K, 0% used [0x00000000d5f00000,0x00000000d5f00000,0x00000000d7f80000)
  from space 5120K, 66% used [0x00000000d7f80000,0x00000000d82d6eb8,0x00000000d8480000)
  to   space 16384K, 0% used [0x00000000dae80000,0x00000000dae80000,0x00000000dbe80000)
 ParOldGen       total 62464K, used 16353K [0x0000000081c00000, 0x0000000085900000, 0x00000000d5f00000)
  object space 62464K, 26% used [0x0000000081c00000,0x0000000082bf8560,0x0000000085900000)
 Metaspace       used 24439K, capacity 25720K, committed 25984K, reserved 1071104K
  class space    used 3354K, capacity 3612K, committed 3712K, reserved 1048576K
}
Event: 24.052 GC heap before
{Heap before GC invocations=7 (full 1):
 PSYoungGen      total 38400K, used 36642K [0x00000000d5f00000, 0x00000000dbe80000, 0x0000000100000000)
  eden space 33280K, 99% used [0x00000000d5f00000,0x00000000d7f719d8,0x00000000d7f80000)
  from space 5120K, 66% used [0x00000000d7f80000,0x00000000d82d6eb8,0x00000000d8480000)
  to   space 16384K, 0% used [0x00000000dae80000,0x00000000dae80000,0x00000000dbe80000)
 ParOldGen       total 62464K, used 16353K [0x0000000081c00000, 0x0000000085900000, 0x00000000d5f00000)
  object space 62464K, 26% used [0x0000000081c00000,0x0000000082bf8560,0x0000000085900000)
 Metaspace       used 24440K, capacity 25720K, committed 25984K, reserved 1071104K
  class space    used 3354K, capacity 3612K, committed 3712K, reserved 1048576K
Event: 24.056 GC heap after
Heap after GC invocations=7 (full 1):
 PSYoungGen      total 81920K, used 3495K [0x00000000d5f00000, 0x00000000dbe80000, 0x0000000100000000)
  eden space 65536K, 0% used [0x00000000d5f00000,0x00000000d5f00000,0x00000000d9f00000)
  from space 16384K, 21% used [0x00000000dae80000,0x00000000db1e9fc8,0x00000000dbe80000)
  to   space 15872K, 0% used [0x00000000d9f00000,0x00000000d9f00000,0x00000000dae80000)
 ParOldGen       total 62464K, used 16361K [0x0000000081c00000, 0x0000000085900000, 0x00000000d5f00000)
  object space 62464K, 26% used [0x0000000081c00000,0x0000000082bfa560,0x0000000085900000)
 Metaspace       used 24440K, capacity 25720K, committed 25984K, reserved 1071104K
  class space    used 3354K, capacity 3612K, committed 3712K, reserved 1048576K
}
Event: 24.089 GC heap before
{Heap before GC invocations=8 (full 1):
 PSYoungGen      total 81920K, used 68929K [0x00000000d5f00000, 0x00000000dbe80000, 0x0000000100000000)
  eden space 65536K, 99% used [0x00000000d5f00000,0x00000000d9ee64a8,0x00000000d9f00000)
  from space 16384K, 21% used [0x00000000dae80000,0x00000000db1e9fc8,0x00000000dbe80000)
  to   space 15872K, 0% used [0x00000000d9f00000,0x00000000d9f00000,0x00000000dae80000)
 ParOldGen       total 62464K, used 16361K [0x0000000081c00000, 0x0000000085900000, 0x00000000d5f00000)
  object space 62464K, 26% used [0x0000000081c00000,0x0000000082bfa560,0x0000000085900000)
 Metaspace       used 24446K, capacity 25720K, committed 25984K, reserved 1071104K
  class space    used 3354K, capacity 3612K, committed 3712K, reserved 1048576K
Event: 24.093 GC heap after
Heap after GC invocations=8 (full 1):
 PSYoungGen      total 81408K, used 3432K [0x00000000d5f00000, 0x00000000dfb80000, 0x0000000100000000)
  eden space 65536K, 0% used [0x00000000d5f00000,0x00000000d5f00000,0x00000000d9f00000)
  from space 15872K, 21% used [0x00000000d9f00000,0x00000000da25a220,0x00000000dae80000)
  to   space 15360K, 0% used [0x00000000dec80000,0x00000000dec80000,0x00000000dfb80000)
 ParOldGen       total 62464K, used 16369K [0x0000000081c00000, 0x0000000085900000, 0x00000000d5f00000)
  object space 62464K, 26% used [0x0000000081c00000,0x0000000082bfc560,0x0000000085900000)
 Metaspace       used 24446K, capacity 25720K, committed 25984K, reserved 1071104K
  class space    used 3354K, capacity 3612K, committed 3712K, reserved 1048576K
}
Event: 24.113 GC heap before
{Heap before GC invocations=9 (full 1):
 PSYoungGen      total 81408K, used 68880K [0x00000000d5f00000, 0x00000000dfb80000, 0x0000000100000000)
  eden space 65536K, 99% used [0x00000000d5f00000,0x00000000d9eea048,0x00000000d9f00000)
  from space 15872K, 21% used [0x00000000d9f00000,0x00000000da25a220,0x00000000dae80000)
  to   space 15360K, 0% used [0x00000000dec80000,0x00000000dec80000,0x00000000dfb80000)
 ParOldGen       total 62464K, used 16369K [0x0000000081c00000, 0x0000000085900000, 0x00000000d5f00000)
  object space 62464K, 26% used [0x0000000081c00000,0x0000000082bfc560,0x0000000085900000)
 Metaspace       used 24446K, capacity 25720K, committed 25984K, reserved 1071104K
  class space    used 3354K, capacity 3612K, committed 3712K, reserved 1048576K
Event: 24.119 GC heap after
Heap after GC invocations=9 (full 1):
 PSYoungGen      total 144896K, used 329K [0x00000000d5f00000, 0x00000000dfc00000, 0x0000000100000000)
  eden space 129536K, 0% used [0x00000000d5f00000,0x00000000d5f00000,0x00000000ddd80000)
  from space 15360K, 2% used [0x00000000dec80000,0x00000000decd2600,0x00000000dfb80000)
  to   space 15360K, 0% used [0x00000000ddd80000,0x00000000ddd80000,0x00000000dec80000)
 ParOldGen       total 62464K, used 19485K [0x0000000081c00000, 0x0000000085900000, 0x00000000d5f00000)
  object space 62464K, 31% used [0x0000000081c00000,0x0000000082f076e0,0x0000000085900000)
 Metaspace       used 24446K, capacity 25720K, committed 25984K, reserved 1071104K
  class space    used 3354K, capacity 3612K, committed 3712K, reserved 1048576K
}

Deoptimization events (10 events):
Event: 27.463 Thread 0x0000000019704800 Uncommon trap: reason=bimorphic action=maybe_recompile pc=0x0000000002dff3d0 method=java.io.FilterInputStream.read()I @ 4
Event: 28.051 Thread 0x0000000018d57000 Uncommon trap: reason=class_check action=maybe_recompile pc=0x000000000307bbc0 method=java.util.regex.Pattern$Curly.match(Ljava/util/regex/Matcher;ILjava/lang/CharSequence;)Z @ 19
Event: 28.051 Thread 0x0000000018d57000 Uncommon trap: reason=class_check action=maybe_recompile pc=0x000000000307bbc0 method=java.util.regex.Pattern$Curly.match(Ljava/util/regex/Matcher;ILjava/lang/CharSequence;)Z @ 19
Event: 28.051 Thread 0x0000000018d57000 Uncommon trap: reason=class_check action=maybe_recompile pc=0x000000000307bbc0 method=java.util.regex.Pattern$Curly.match(Ljava/util/regex/Matcher;ILjava/lang/CharSequence;)Z @ 19
Event: 28.051 Thread 0x0000000018d57000 Uncommon trap: reason=class_check action=maybe_recompile pc=0x000000000307bbc0 method=java.util.regex.Pattern$Curly.match(Ljava/util/regex/Matcher;ILjava/lang/CharSequence;)Z @ 19
Event: 28.074 Thread 0x0000000018d44000 Uncommon trap: reason=class_check action=maybe_recompile pc=0x0000000002cec0d4 method=java.util.WeakHashMap.eq(Ljava/lang/Object;Ljava/lang/Object;)Z @ 7
Event: 31.434 Thread 0x0000000018d57000 Uncommon trap: reason=unstable_if action=reinterpret pc=0x000000000302a32c method=java.util.regex.Pattern$Branch.match(Ljava/util/regex/Matcher;ILjava/lang/CharSequence;)Z @ 19
Event: 38.218 Thread 0x0000000018d44000 Uncommon trap: reason=intrinsic action=make_not_entrant pc=0x000000000316d1d0 method=com.sun.prism.impl.ps.BaseShaderGraphics.drawString(Lcom/sun/javafx/scene/text/GlyphList;Lcom/sun/javafx/font/FontStrike;FFLcom/sun/prism/paint/Color;II)V @ 546
Event: 39.443 Thread 0x0000000018d44000 Uncommon trap: reason=unstable_if action=reinterpret pc=0x0000000002fe034c method=com.sun.prism.impl.ManagedResource.bumpAge(I)V @ 7
Event: 47.874 Thread 0x0000000018d57000 Uncommon trap: reason=unstable_if action=reinterpret pc=0x00000000031afdd8 method=javafx.scene.Scene$ScenePulseListener.synchronizeSceneNodes()V @ 90

Internal exceptions (10 events):
Event: 22.774 Thread 0x0000000018cea000 Implicit null exception at 0x0000000002df43bf to 0x0000000002df4d51
Event: 22.784 Thread 0x0000000018cea000 Implicit null exception at 0x0000000002e02b7f to 0x0000000002e03511
Event: 22.818 Thread 0x0000000018cea000 Implicit null exception at 0x0000000002de0e29 to 0x0000000002de1435
Event: 23.371 Thread 0x0000000018d57000 Exception <a 'java/lang/ClassNotFoundException': sun/net/www/protocol/about/Handler> (0x00000000d7224280) thrown at [C:\re\workspace\8-2-build-windows-amd64-cygwin\jdk8u60\4407\hotspot\src\share\vm\classfile\systemDictionary.cpp, line 210]
Event: 24.290 Thread 0x0000000018d44000 Implicit null exception at 0x00000000027a9890 to 0x00000000027a98c1
Event: 24.684 Thread 0x0000000018d44000 Implicit null exception at 0x0000000002f8673a to 0x0000000002f867ed
Event: 39.945 Thread 0x0000000018d57000 Exception <a 'java/io/FileNotFoundException'> (0x00000000db301cf8) thrown at [C:\re\workspace\8-2-build-windows-amd64-cygwin\jdk8u60\4407\hotspot\src\share\vm\prims\jni.cpp, line 709]
Event: 39.945 Thread 0x0000000018d57000 Exception <a 'java/io/FileNotFoundException'> (0x00000000db302f88) thrown at [C:\re\workspace\8-2-build-windows-amd64-cygwin\jdk8u60\4407\hotspot\src\share\vm\prims\jni.cpp, line 709]
Event: 39.954 Thread 0x0000000018d57000 Exception <a 'java/io/FileNotFoundException'> (0x00000000db3089a8) thrown at [C:\re\workspace\8-2-build-windows-amd64-cygwin\jdk8u60\4407\hotspot\src\share\vm\prims\jni.cpp, line 709]
Event: 39.954 Thread 0x0000000018d57000 Exception <a 'java/io/FileNotFoundException'> (0x00000000db309c20) thrown at [C:\re\workspace\8-2-build-windows-amd64-cygwin\jdk8u60\4407\hotspot\src\share\vm\prims\jni.cpp, line 709]

Events (10 events):
Event: 48.503 Executing VM operation: RevokeBias done
Event: 48.503 Executing VM operation: RevokeBias
Event: 48.503 Executing VM operation: RevokeBias done
Event: 48.503 Executing VM operation: RevokeBias
Event: 48.504 Executing VM operation: RevokeBias done
Event: 48.504 Executing VM operation: RevokeBias
Event: 48.504 Executing VM operation: RevokeBias done
Event: 48.639 Thread 0x00000000170f3800 flushing nmethod 0x000000000281e850
Event: 48.664 Thread 0x00000000170f3800 flushing nmethod 0x0000000002891310
Event: 48.664 Thread 0x00000000170f3800 flushing nmethod 0x00000000028c2a90


Dynamic libraries:
0x00007ff6a89e0000 - 0x00007ff6a8a17000 	C:\Program Files\Java\jdk1.8.0_60\jre\bin\java.exe
0x00007ff9e9310000 - 0x00007ff9e94d1000 	C:\WINDOWS\SYSTEM32\ntdll.dll
0x00007ff9e9260000 - 0x00007ff9e930d000 	C:\WINDOWS\system32\KERNEL32.DLL
0x00007ff9e5bf0000 - 0x00007ff9e5dd8000 	C:\WINDOWS\system32\KERNELBASE.dll
0x00007ff9e6710000 - 0x00007ff9e67b7000 	C:\WINDOWS\system32\ADVAPI32.dll
0x00007ff9e8d20000 - 0x00007ff9e8dbd000 	C:\WINDOWS\system32\msvcrt.dll
0x00007ff9e81e0000 - 0x00007ff9e823b000 	C:\WINDOWS\system32\sechost.dll
0x00007ff9e8dc0000 - 0x00007ff9e8edc000 	C:\WINDOWS\system32\RPCRT4.dll
0x00007ff9e8ee0000 - 0x00007ff9e9036000 	C:\WINDOWS\system32\USER32.dll
0x00007ff9e8b90000 - 0x00007ff9e8d16000 	C:\WINDOWS\system32\GDI32.dll
0x00007ff9df1b0000 - 0x00007ff9df424000 	C:\WINDOWS\WinSxS\amd64_microsoft.windows.common-controls_6595b64144ccf1df_6.0.10586.0_none_8c15ae12515e1c22\COMCTL32.dll
0x00007ff9e67c0000 - 0x00007ff9e6a3d000 	C:\WINDOWS\system32\combase.dll
0x00007ff9e5ab0000 - 0x00007ff9e5b1a000 	C:\WINDOWS\system32\bcryptPrimitives.dll
0x00007ff9e8b50000 - 0x00007ff9e8b8b000 	C:\WINDOWS\system32\IMM32.DLL
0x0000000059550000 - 0x0000000059622000 	C:\Program Files\Java\jdk1.8.0_60\jre\bin\msvcr100.dll
0x0000000058cc0000 - 0x0000000059549000 	C:\Program Files\Java\jdk1.8.0_60\jre\bin\server\jvm.dll
0x00007ff9e82a0000 - 0x00007ff9e82a8000 	C:\WINDOWS\system32\PSAPI.DLL
0x00007ff9df520000 - 0x00007ff9df529000 	C:\WINDOWS\SYSTEM32\WSOCK32.dll
0x00007ff9e4060000 - 0x00007ff9e4083000 	C:\WINDOWS\SYSTEM32\WINMM.dll
0x00007ff9e8750000 - 0x00007ff9e87bb000 	C:\WINDOWS\system32\WS2_32.dll
0x00007ff9dd0a0000 - 0x00007ff9dd0aa000 	C:\WINDOWS\SYSTEM32\VERSION.dll
0x00000000021d0000 - 0x00000000021fc000 	C:\WINDOWS\SYSTEM32\WINMMBASE.dll
0x00007ff9e6070000 - 0x00007ff9e60b3000 	C:\WINDOWS\system32\cfgmgr32.dll
0x0000000058cb0000 - 0x0000000058cbf000 	C:\Program Files\Java\jdk1.8.0_60\jre\bin\verify.dll
0x0000000058c80000 - 0x0000000058ca9000 	C:\Program Files\Java\jdk1.8.0_60\jre\bin\java.dll
0x0000000058c60000 - 0x0000000058c76000 	C:\Program Files\Java\jdk1.8.0_60\jre\bin\zip.dll
0x00007ff9e6c70000 - 0x00007ff9e81cc000 	C:\WINDOWS\system32\SHELL32.dll
0x00007ff9e60c0000 - 0x00007ff9e6705000 	C:\WINDOWS\system32\windows.storage.dll
0x00007ff9e8240000 - 0x00007ff9e8292000 	C:\WINDOWS\system32\shlwapi.dll
0x00007ff9e5940000 - 0x00007ff9e594f000 	C:\WINDOWS\system32\kernel.appcore.dll
0x00007ff9e5de0000 - 0x00007ff9e5e95000 	C:\WINDOWS\system32\shcore.dll
0x00007ff9e5950000 - 0x00007ff9e599b000 	C:\WINDOWS\system32\powrprof.dll
0x00007ff9e59a0000 - 0x00007ff9e59b4000 	C:\WINDOWS\system32\profapi.dll
0x00007ff9d7350000 - 0x00007ff9d743f000 	C:\Program Files\Java\jdk1.8.0_60\jre\bin\msvcr120.dll
0x00007ff9cc9c0000 - 0x00007ff9cca66000 	C:\Program Files\Java\jdk1.8.0_60\jre\bin\msvcp120.dll
0x00000000587d0000 - 0x00000000587f3000 	C:\Program Files\Java\jdk1.8.0_60\jre\bin\prism_d3d.dll
0x00007ff9ce960000 - 0x00007ff9ceb70000 	C:\WINDOWS\system32\d3d9.dll
0x00007ff9e3510000 - 0x00007ff9e3532000 	C:\WINDOWS\SYSTEM32\dwmapi.dll
0x00007ff9e4240000 - 0x00007ff9e42d6000 	C:\WINDOWS\system32\uxtheme.dll
0x00007ff9c0df0000 - 0x00007ff9c185e000 	C:\WINDOWS\SYSTEM32\igdumdim64.dll
0x00007ff9dfc40000 - 0x00007ff9e009f000 	C:\WINDOWS\SYSTEM32\igdusc64.dll
0x0000000058780000 - 0x00000000587c3000 	C:\Program Files\Java\jdk1.8.0_60\jre\bin\glass.dll
0x00007ff9e8a40000 - 0x00007ff9e8b4b000 	C:\WINDOWS\system32\COMDLG32.dll
0x00007ff9e5a20000 - 0x00007ff9e5aa6000 	C:\WINDOWS\system32\FirewallAPI.dll
0x00007ff9e5b20000 - 0x00007ff9e5b37000 	C:\WINDOWS\system32\NETAPI32.dll
0x00007ff9e87c0000 - 0x00007ff9e8903000 	C:\WINDOWS\system32\ole32.dll
0x00007ff9e6a40000 - 0x00007ff9e6b01000 	C:\WINDOWS\system32\OLEAUT32.dll
0x00007ff9e3f90000 - 0x00007ff9e3f9c000 	C:\WINDOWS\SYSTEM32\DAVHLPR.DLL
0x00007ff9e46b0000 - 0x00007ff9e46e2000 	C:\WINDOWS\SYSTEM32\fwbase.dll
0x00007ff9e6b10000 - 0x00007ff9e6c6a000 	C:\WINDOWS\system32\MSCTF.dll
0x00007ff9d1ff0000 - 0x00007ff9d201b000 	C:\PROGRA~2\RAPTRI~1\PlaysTV\ltc_help64-112681.dll
0x00007ff9e59c0000 - 0x00007ff9e5a15000 	C:\WINDOWS\system32\WINTRUST.dll
0x00007ff9e5930000 - 0x00007ff9e5940000 	C:\WINDOWS\system32\MSASN1.dll
0x00007ff9e5ea0000 - 0x00007ff9e6067000 	C:\WINDOWS\system32\CRYPT32.dll
0x00007ff9d7b70000 - 0x00007ff9d7b9b000 	C:\PROGRA~2\RAPTRI~1\Raptr\ltc_help64-112298.dll
0x0000000058760000 - 0x0000000058774000 	C:\Program Files\Java\jdk1.8.0_60\jre\bin\javafx_font.dll
0x00007ff9d8620000 - 0x00007ff9d8880000 	C:\WINDOWS\SYSTEM32\dwrite.dll
0x00007ff9e8990000 - 0x00007ff9e8a37000 	C:\WINDOWS\system32\clbcatq.dll
0x00007ff9e04c0000 - 0x00007ff9e0671000 	C:\WINDOWS\SYSTEM32\WindowsCodecs.dll
0x00007ff9d7d50000 - 0x00007ff9d7d9a000 	C:\WINDOWS\system32\dataexchange.dll
0x00007ff9e01c0000 - 0x00007ff9e0468000 	C:\WINDOWS\system32\d3d11.dll
0x00007ff9e3e10000 - 0x00007ff9e3ef3000 	C:\WINDOWS\system32\dcomp.dll
0x00007ff9e1df0000 - 0x00007ff9e1e93000 	C:\WINDOWS\system32\dxgi.dll
0x00007ff9e4450000 - 0x00007ff9e4550000 	C:\WINDOWS\system32\twinapi.appcore.dll
0x00007ff9e5870000 - 0x00007ff9e5899000 	C:\WINDOWS\system32\bcrypt.dll
0x00007ff9d2770000 - 0x00007ff9d27a4000 	C:\Program Files\Common Files\Microsoft Shared\Ink\rtscom.dll
0x0000000058670000 - 0x0000000058681000 	C:\Program Files\Java\jdk1.8.0_60\jre\bin\prism_common.dll
0x00007ff9e52b0000 - 0x00007ff9e52c7000 	C:\WINDOWS\system32\CRYPTSP.dll
0x00007ff9e4f40000 - 0x00007ff9e4f74000 	C:\WINDOWS\system32\rsaenh.dll
0x00007ff9e53d0000 - 0x00007ff9e53db000 	C:\WINDOWS\SYSTEM32\CRYPTBASE.dll
0x00007ff9e8910000 - 0x00007ff9e892c000 	C:\WINDOWS\system32\imagehlp.dll
0x00007ff9e4920000 - 0x00007ff9e4944000 	C:\WINDOWS\SYSTEM32\gpapi.dll
0x00007ff9d41f0000 - 0x00007ff9d421f000 	C:\Windows\System32\cryptnet.dll
0x00007ff9e2a40000 - 0x00007ff9e2a78000 	C:\WINDOWS\SYSTEM32\IPHLPAPI.DLL
0x00007ff9df740000 - 0x00007ff9df74b000 	C:\WINDOWS\SYSTEM32\WINNSI.DLL
0x00007ff9e81d0000 - 0x00007ff9e81d8000 	C:\WINDOWS\system32\NSI.dll
0x00007ff9c85f0000 - 0x00007ff9c8818000 	C:\PROGRA~2\RAPTRI~1\PlaysTV\ltc_game64-112681.dll
0x00007ff9c76e0000 - 0x00007ff9c790b000 	C:\PROGRA~2\RAPTRI~1\Raptr\ltc_game64-112298.dll
0x00000000560e0000 - 0x000000005866d000 	C:\Program Files\Java\jdk1.8.0_60\jre\bin\jfxwebkit.dll
0x0000000058c40000 - 0x0000000058c5a000 	C:\Program Files\Java\jdk1.8.0_60\jre\bin\net.dll
0x00007ff9e5200000 - 0x00007ff9e525c000 	C:\WINDOWS\system32\mswsock.dll
0x0000000058a30000 - 0x0000000058a41000 	C:\Program Files\Java\jdk1.8.0_60\jre\bin\nio.dll
0x00007ff9e43a0000 - 0x00007ff9e444a000 	C:\WINDOWS\SYSTEM32\DNSAPI.dll
0x00007ff9dafc0000 - 0x00007ff9dafca000 	C:\Windows\System32\rasadhlp.dll
0x00007ff9de150000 - 0x00007ff9de1b7000 	C:\WINDOWS\System32\fwpuclnt.dll
0x00000000586d0000 - 0x00000000586f4000 	C:\Program Files\Java\jdk1.8.0_60\jre\bin\sunec.dll
0x00007ff9e5090000 - 0x00007ff9e50af000 	C:\WINDOWS\SYSTEM32\USERENV.dll
0x00007ff9dde00000 - 0x00007ff9dde16000 	C:\WINDOWS\SYSTEM32\dhcpcsvc6.DLL
0x00007ff9ddd60000 - 0x00007ff9ddd7a000 	C:\WINDOWS\SYSTEM32\dhcpcsvc.DLL
0x00007ff9d9aa0000 - 0x00007ff9d9ab6000 	C:\WINDOWS\system32\napinsp.dll
0x00007ff9d9ac0000 - 0x00007ff9d9ada000 	C:\WINDOWS\system32\pnrpnsp.dll
0x00007ff9e37d0000 - 0x00007ff9e37e8000 	C:\WINDOWS\system32\NLAapi.dll
0x00007ff9d9ae0000 - 0x00007ff9d9aed000 	C:\WINDOWS\System32\winrnr.dll
0x00007ff9db010000 - 0x00007ff9db025000 	C:\WINDOWS\System32\wshbth.dll
0x00007ff9d1e60000 - 0x00007ff9d1fec000 	C:\WINDOWS\SYSTEM32\dbghelp.dll

VM Arguments:
jvm_args: -Dfile.encoding=UTF-8 
java_command: C:\Users\Ahmed\Desktop\MOOC_3A2\MOOC_3A2\dist\run760490148\MOOC.jar
java_class_path (initial): C:\Users\Ahmed\Desktop\MOOC_3A2\MOOC_3A2\dist\run760490148\MOOC.jar
Launcher Type: SUN_STANDARD

Environment Variables:
PATH=C:\oraclexe\app\oracle\product\10.2.0\server\bin;C:\ProgramData\Oracle\Java\javapath;C:\WINDOWS\system32;C:\WINDOWS;C:\WINDOWS\System32\Wbem;C:\WINDOWS\System32\WindowsPowerShell\v1.0\;C:\Program Files (x86)\AMD\ATI.ACE\Core-Static;C:\WINDOWS\system32\config\systemprofile\.dnx\bin;C:\Program Files\Microsoft DNX\Dnvm\;C:\Program Files\Microsoft SQL Server\120\Tools\Binn\;C:\Program Files (x86)\Skype\Phone\;C:\Program Files (x86)\ATI Technologies\ATI.ACE\Core-Static;C:\wamp\bin\php\php5.5.12
USERNAME=Ahmed
OS=Windows_NT
PROCESSOR_IDENTIFIER=Intel64 Family 6 Model 58 Stepping 9, GenuineIntel



---------------  S Y S T E M  ---------------

OS: Windows 10.0 , 64 bit Build 10586 (10.0.10586.0)

CPU:total 4 (2 cores per cpu, 2 threads per core) family 6 model 58 stepping 9, cmov, cx8, fxsr, mmx, sse, sse2, sse3, ssse3, sse4.1, sse4.2, popcnt, avx, aes, clmul, erms, ht, tsc, tscinvbit, tscinv

Memory: 4k page, physical 8273256k(2774728k free), swap 13016864k(2178140k free)

vm_info: Java HotSpot(TM) 64-Bit Server VM (25.60-b23) for windows-amd64 JRE (1.8.0_60-b27), built on Aug  4 2015 11:06:27 by "java_re" with MS VC++ 10.0 (VS2010)

time: Sat May 14 00:45:02 2016
elapsed time: 48 seconds (0d 0h 0m 48s)

